{
  "/home/konrad/dev/vacationPlanner/src/lib/services/settings.service.ts": {
    "path": "/home/konrad/dev/vacationPlanner/src/lib/services/settings.service.ts",
    "statementMap": {
      "0": { "start": { "line": 28, "column": 2 }, "end": { "line": 37, "column": null } },
      "1": { "start": { "line": 29, "column": 4 }, "end": { "line": 29, "column": null } },
      "2": { "start": { "line": 30, "column": 2 }, "end": { "line": 37, "column": null } },
      "3": { "start": { "line": 31, "column": 4 }, "end": { "line": 31, "column": null } },
      "4": { "start": { "line": 32, "column": 4 }, "end": { "line": 34, "column": null } },
      "5": { "start": { "line": 33, "column": 6 }, "end": { "line": 33, "column": null } },
      "6": { "start": { "line": 36, "column": 4 }, "end": { "line": 36, "column": null } },
      "7": { "start": { "line": 39, "column": 2 }, "end": { "line": 44, "column": null } },
      "8": { "start": { "line": 56, "column": 48 }, "end": { "line": 59, "column": null } },
      "9": { "start": { "line": 61, "column": 2 }, "end": { "line": 64, "column": null } },
      "10": { "start": { "line": 62, "column": 4 }, "end": { "line": 62, "column": null } },
      "11": { "start": { "line": 63, "column": 4 }, "end": { "line": 63, "column": null } },
      "12": { "start": { "line": 66, "column": 2 }, "end": { "line": 69, "column": null } },
      "13": { "start": { "line": 68, "column": 4 }, "end": { "line": 68, "column": null } },
      "14": { "start": { "line": 72, "column": 37 }, "end": { "line": 72, "column": null } },
      "15": { "start": { "line": 74, "column": 2 }, "end": { "line": 74, "column": null } },
      "16": { "start": { "line": 87, "column": 47 }, "end": { "line": 87, "column": null } },
      "17": { "start": { "line": 89, "column": 2 }, "end": { "line": 96, "column": null } },
      "18": { "start": { "line": 91, "column": 4 }, "end": { "line": 93, "column": null } },
      "19": { "start": { "line": 92, "column": 6 }, "end": { "line": 92, "column": null } },
      "20": { "start": { "line": 94, "column": 4 }, "end": { "line": 94, "column": null } },
      "21": { "start": { "line": 95, "column": 4 }, "end": { "line": 95, "column": null } },
      "22": { "start": { "line": 98, "column": 2 }, "end": { "line": 100, "column": null } },
      "23": { "start": { "line": 99, "column": 4 }, "end": { "line": 99, "column": null } },
      "24": { "start": { "line": 103, "column": 2 }, "end": { "line": 103, "column": null } },
      "25": { "start": { "line": 125, "column": 2 }, "end": { "line": 127, "column": null } },
      "26": { "start": { "line": 126, "column": 4 }, "end": { "line": 126, "column": null } },
      "27": { "start": { "line": 130, "column": 55 }, "end": { "line": 134, "column": null } },
      "28": { "start": { "line": 136, "column": 2 }, "end": { "line": 142, "column": null } },
      "29": { "start": { "line": 137, "column": 4 }, "end": { "line": 139, "column": null } },
      "30": { "start": { "line": 138, "column": 6 }, "end": { "line": 138, "column": null } },
      "31": { "start": { "line": 140, "column": 4 }, "end": { "line": 140, "column": null } },
      "32": { "start": { "line": 141, "column": 4 }, "end": { "line": 141, "column": null } },
      "33": { "start": { "line": 144, "column": 2 }, "end": { "line": 146, "column": null } },
      "34": { "start": { "line": 145, "column": 4 }, "end": { "line": 145, "column": null } },
      "35": { "start": { "line": 149, "column": 2 }, "end": { "line": 153, "column": null } },
      "36": { "start": { "line": 150, "column": 4 }, "end": { "line": 152, "column": null } },
      "37": { "start": { "line": 151, "column": 6 }, "end": { "line": 151, "column": null } },
      "38": { "start": { "line": 155, "column": 2 }, "end": { "line": 159, "column": null } },
      "39": { "start": { "line": 156, "column": 4 }, "end": { "line": 158, "column": null } },
      "40": { "start": { "line": 157, "column": 6 }, "end": { "line": 157, "column": null } },
      "41": { "start": { "line": 162, "column": 55 }, "end": { "line": 170, "column": null } },
      "42": { "start": { "line": 172, "column": 2 }, "end": { "line": 175, "column": null } },
      "43": { "start": { "line": 173, "column": 4 }, "end": { "line": 173, "column": null } },
      "44": { "start": { "line": 174, "column": 4 }, "end": { "line": 174, "column": null } },
      "45": { "start": { "line": 177, "column": 2 }, "end": { "line": 179, "column": null } },
      "46": { "start": { "line": 178, "column": 4 }, "end": { "line": 178, "column": null } },
      "47": { "start": { "line": 182, "column": 2 }, "end": { "line": 182, "column": null } }
    },
    "fnMap": {
      "0": {
        "name": "mapToSettingDTO",
        "decl": { "start": { "line": 19, "column": 9 }, "end": { "line": 19, "column": 25 } },
        "loc": { "start": { "line": 24, "column": 15 }, "end": { "line": 45, "column": null } },
        "line": 24
      },
      "1": {
        "name": "getAllSettings",
        "decl": { "start": { "line": 54, "column": 22 }, "end": { "line": 54, "column": 37 } },
        "loc": { "start": { "line": 54, "column": 99 }, "end": { "line": 75, "column": null } },
        "line": 54
      },
      "2": {
        "name": "getSettingByKey",
        "decl": { "start": { "line": 85, "column": 22 }, "end": { "line": 85, "column": 38 } },
        "loc": { "start": { "line": 85, "column": 109 }, "end": { "line": 104, "column": null } },
        "line": 85
      },
      "3": {
        "name": "updateSetting",
        "decl": { "start": { "line": 118, "column": 22 }, "end": { "line": 118, "column": null } },
        "loc": { "start": { "line": 123, "column": 37 }, "end": { "line": 183, "column": null } },
        "line": 123
      }
    },
    "branchMap": {
      "0": {
        "loc": { "start": { "line": 28, "column": 2 }, "end": { "line": 37, "column": null } },
        "type": "if",
        "locations": [
          { "start": { "line": 28, "column": 2 }, "end": { "line": 37, "column": null } },
          { "start": { "line": 30, "column": 2 }, "end": { "line": 37, "column": null } }
        ],
        "line": 28
      },
      "1": {
        "loc": { "start": { "line": 30, "column": 2 }, "end": { "line": 37, "column": null } },
        "type": "if",
        "locations": [
          { "start": { "line": 30, "column": 2 }, "end": { "line": 37, "column": null } },
          { "start": { "line": 35, "column": 9 }, "end": { "line": 37, "column": null } }
        ],
        "line": 30
      },
      "2": {
        "loc": { "start": { "line": 32, "column": 4 }, "end": { "line": 34, "column": null } },
        "type": "if",
        "locations": [
          { "start": { "line": 32, "column": 4 }, "end": { "line": 34, "column": null } },
          { "start": {}, "end": {} }
        ],
        "line": 32
      },
      "3": {
        "loc": { "start": { "line": 61, "column": 2 }, "end": { "line": 64, "column": null } },
        "type": "if",
        "locations": [
          { "start": { "line": 61, "column": 2 }, "end": { "line": 64, "column": null } },
          { "start": {}, "end": {} }
        ],
        "line": 61
      },
      "4": {
        "loc": { "start": { "line": 66, "column": 2 }, "end": { "line": 69, "column": null } },
        "type": "if",
        "locations": [
          { "start": { "line": 66, "column": 2 }, "end": { "line": 69, "column": null } },
          { "start": {}, "end": {} }
        ],
        "line": 66
      },
      "5": {
        "loc": { "start": { "line": 66, "column": 6 }, "end": { "line": 66, "column": 42 } },
        "type": "binary-expr",
        "locations": [
          { "start": { "line": 66, "column": 6 }, "end": { "line": 66, "column": 19 } },
          { "start": { "line": 66, "column": 19 }, "end": { "line": 66, "column": 42 } }
        ],
        "line": 66
      },
      "6": {
        "loc": { "start": { "line": 89, "column": 2 }, "end": { "line": 96, "column": null } },
        "type": "if",
        "locations": [
          { "start": { "line": 89, "column": 2 }, "end": { "line": 96, "column": null } },
          { "start": {}, "end": {} }
        ],
        "line": 89
      },
      "7": {
        "loc": { "start": { "line": 91, "column": 4 }, "end": { "line": 93, "column": null } },
        "type": "if",
        "locations": [
          { "start": { "line": 91, "column": 4 }, "end": { "line": 93, "column": null } },
          { "start": {}, "end": {} }
        ],
        "line": 91
      },
      "8": {
        "loc": { "start": { "line": 98, "column": 2 }, "end": { "line": 100, "column": null } },
        "type": "if",
        "locations": [
          { "start": { "line": 98, "column": 2 }, "end": { "line": 100, "column": null } },
          { "start": {}, "end": {} }
        ],
        "line": 98
      },
      "9": {
        "loc": { "start": { "line": 125, "column": 2 }, "end": { "line": 127, "column": null } },
        "type": "if",
        "locations": [
          { "start": { "line": 125, "column": 2 }, "end": { "line": 127, "column": null } },
          { "start": {}, "end": {} }
        ],
        "line": 125
      },
      "10": {
        "loc": { "start": { "line": 125, "column": 6 }, "end": { "line": 125, "column": 71 } },
        "type": "binary-expr",
        "locations": [
          { "start": { "line": 125, "column": 6 }, "end": { "line": 125, "column": 34 } },
          { "start": { "line": 125, "column": 34 }, "end": { "line": 125, "column": 71 } }
        ],
        "line": 125
      },
      "11": {
        "loc": { "start": { "line": 136, "column": 2 }, "end": { "line": 142, "column": null } },
        "type": "if",
        "locations": [
          { "start": { "line": 136, "column": 2 }, "end": { "line": 142, "column": null } },
          { "start": {}, "end": {} }
        ],
        "line": 136
      },
      "12": {
        "loc": { "start": { "line": 137, "column": 4 }, "end": { "line": 139, "column": null } },
        "type": "if",
        "locations": [
          { "start": { "line": 137, "column": 4 }, "end": { "line": 139, "column": null } },
          { "start": {}, "end": {} }
        ],
        "line": 137
      },
      "13": {
        "loc": { "start": { "line": 144, "column": 2 }, "end": { "line": 146, "column": null } },
        "type": "if",
        "locations": [
          { "start": { "line": 144, "column": 2 }, "end": { "line": 146, "column": null } },
          { "start": {}, "end": {} }
        ],
        "line": 144
      },
      "14": {
        "loc": { "start": { "line": 149, "column": 2 }, "end": { "line": 153, "column": null } },
        "type": "if",
        "locations": [
          { "start": { "line": 149, "column": 2 }, "end": { "line": 153, "column": null } },
          { "start": {}, "end": {} }
        ],
        "line": 149
      },
      "15": {
        "loc": { "start": { "line": 150, "column": 4 }, "end": { "line": 152, "column": null } },
        "type": "if",
        "locations": [
          { "start": { "line": 150, "column": 4 }, "end": { "line": 152, "column": null } },
          { "start": {}, "end": {} }
        ],
        "line": 150
      },
      "16": {
        "loc": { "start": { "line": 150, "column": 8 }, "end": { "line": 150, "column": 44 } },
        "type": "binary-expr",
        "locations": [
          { "start": { "line": 150, "column": 8 }, "end": { "line": 150, "column": 26 } },
          { "start": { "line": 150, "column": 26 }, "end": { "line": 150, "column": 44 } }
        ],
        "line": 150
      },
      "17": {
        "loc": { "start": { "line": 155, "column": 2 }, "end": { "line": 159, "column": null } },
        "type": "if",
        "locations": [
          { "start": { "line": 155, "column": 2 }, "end": { "line": 159, "column": null } },
          { "start": {}, "end": {} }
        ],
        "line": 155
      },
      "18": {
        "loc": { "start": { "line": 156, "column": 4 }, "end": { "line": 158, "column": null } },
        "type": "if",
        "locations": [
          { "start": { "line": 156, "column": 4 }, "end": { "line": 158, "column": null } },
          { "start": {}, "end": {} }
        ],
        "line": 156
      },
      "19": {
        "loc": { "start": { "line": 156, "column": 8 }, "end": { "line": 156, "column": 44 } },
        "type": "binary-expr",
        "locations": [
          { "start": { "line": 156, "column": 8 }, "end": { "line": 156, "column": 26 } },
          { "start": { "line": 156, "column": 26 }, "end": { "line": 156, "column": 44 } }
        ],
        "line": 156
      },
      "20": {
        "loc": { "start": { "line": 172, "column": 2 }, "end": { "line": 175, "column": null } },
        "type": "if",
        "locations": [
          { "start": { "line": 172, "column": 2 }, "end": { "line": 175, "column": null } },
          { "start": {}, "end": {} }
        ],
        "line": 172
      },
      "21": {
        "loc": { "start": { "line": 177, "column": 2 }, "end": { "line": 179, "column": null } },
        "type": "if",
        "locations": [
          { "start": { "line": 177, "column": 2 }, "end": { "line": 179, "column": null } },
          { "start": {}, "end": {} }
        ],
        "line": 177
      }
    },
    "s": {
      "0": 6,
      "1": 5,
      "2": 1,
      "3": 1,
      "4": 1,
      "5": 0,
      "6": 0,
      "7": 6,
      "8": 5,
      "9": 5,
      "10": 1,
      "11": 1,
      "12": 4,
      "13": 1,
      "14": 3,
      "15": 3,
      "16": 2,
      "17": 2,
      "18": 1,
      "19": 1,
      "20": 0,
      "21": 0,
      "22": 1,
      "23": 0,
      "24": 1,
      "25": 3,
      "26": 1,
      "27": 2,
      "28": 2,
      "29": 0,
      "30": 0,
      "31": 0,
      "32": 0,
      "33": 2,
      "34": 0,
      "35": 2,
      "36": 0,
      "37": 0,
      "38": 2,
      "39": 2,
      "40": 0,
      "41": 2,
      "42": 2,
      "43": 1,
      "44": 1,
      "45": 1,
      "46": 0,
      "47": 1
    },
    "f": { "0": 6, "1": 5, "2": 2, "3": 3 },
    "b": {
      "0": [5, 1],
      "1": [1, 0],
      "2": [0, 1],
      "3": [1, 4],
      "4": [1, 3],
      "5": [4, 4],
      "6": [1, 1],
      "7": [1, 0],
      "8": [0, 1],
      "9": [1, 2],
      "10": [3, 1],
      "11": [0, 2],
      "12": [0, 0],
      "13": [0, 2],
      "14": [0, 2],
      "15": [0, 0],
      "16": [0, 0],
      "17": [2, 0],
      "18": [0, 2],
      "19": [2, 2],
      "20": [1, 1],
      "21": [0, 1]
    },
    "meta": {
      "lastBranch": 22,
      "lastFunction": 4,
      "lastStatement": 48,
      "seen": {
        "f:19:9:19:25": 0,
        "b:28:2:37:Infinity:30:2:37:Infinity": 0,
        "s:28:2:37:Infinity": 0,
        "s:29:4:29:Infinity": 1,
        "b:30:2:37:Infinity:35:9:37:Infinity": 1,
        "s:30:2:37:Infinity": 2,
        "s:31:4:31:Infinity": 3,
        "b:32:4:34:Infinity:undefined:undefined:undefined:undefined": 2,
        "s:32:4:34:Infinity": 4,
        "s:33:6:33:Infinity": 5,
        "s:36:4:36:Infinity": 6,
        "s:39:2:44:Infinity": 7,
        "f:54:22:54:37": 1,
        "s:56:48:59:Infinity": 8,
        "b:61:2:64:Infinity:undefined:undefined:undefined:undefined": 3,
        "s:61:2:64:Infinity": 9,
        "s:62:4:62:Infinity": 10,
        "s:63:4:63:Infinity": 11,
        "b:66:2:69:Infinity:undefined:undefined:undefined:undefined": 4,
        "s:66:2:69:Infinity": 12,
        "b:66:6:66:19:66:19:66:42": 5,
        "s:68:4:68:Infinity": 13,
        "s:72:37:72:Infinity": 14,
        "s:74:2:74:Infinity": 15,
        "f:85:22:85:38": 2,
        "s:87:47:87:Infinity": 16,
        "b:89:2:96:Infinity:undefined:undefined:undefined:undefined": 6,
        "s:89:2:96:Infinity": 17,
        "b:91:4:93:Infinity:undefined:undefined:undefined:undefined": 7,
        "s:91:4:93:Infinity": 18,
        "s:92:6:92:Infinity": 19,
        "s:94:4:94:Infinity": 20,
        "s:95:4:95:Infinity": 21,
        "b:98:2:100:Infinity:undefined:undefined:undefined:undefined": 8,
        "s:98:2:100:Infinity": 22,
        "s:99:4:99:Infinity": 23,
        "s:103:2:103:Infinity": 24,
        "f:118:22:118:Infinity": 3,
        "b:125:2:127:Infinity:undefined:undefined:undefined:undefined": 9,
        "s:125:2:127:Infinity": 25,
        "b:125:6:125:34:125:34:125:71": 10,
        "s:126:4:126:Infinity": 26,
        "s:130:55:134:Infinity": 27,
        "b:136:2:142:Infinity:undefined:undefined:undefined:undefined": 11,
        "s:136:2:142:Infinity": 28,
        "b:137:4:139:Infinity:undefined:undefined:undefined:undefined": 12,
        "s:137:4:139:Infinity": 29,
        "s:138:6:138:Infinity": 30,
        "s:140:4:140:Infinity": 31,
        "s:141:4:141:Infinity": 32,
        "b:144:2:146:Infinity:undefined:undefined:undefined:undefined": 13,
        "s:144:2:146:Infinity": 33,
        "s:145:4:145:Infinity": 34,
        "b:149:2:153:Infinity:undefined:undefined:undefined:undefined": 14,
        "s:149:2:153:Infinity": 35,
        "b:150:4:152:Infinity:undefined:undefined:undefined:undefined": 15,
        "s:150:4:152:Infinity": 36,
        "b:150:8:150:26:150:26:150:44": 16,
        "s:151:6:151:Infinity": 37,
        "b:155:2:159:Infinity:undefined:undefined:undefined:undefined": 17,
        "s:155:2:159:Infinity": 38,
        "b:156:4:158:Infinity:undefined:undefined:undefined:undefined": 18,
        "s:156:4:158:Infinity": 39,
        "b:156:8:156:26:156:26:156:44": 19,
        "s:157:6:157:Infinity": 40,
        "s:162:55:170:Infinity": 41,
        "b:172:2:175:Infinity:undefined:undefined:undefined:undefined": 20,
        "s:172:2:175:Infinity": 42,
        "s:173:4:173:Infinity": 43,
        "s:174:4:174:Infinity": 44,
        "b:177:2:179:Infinity:undefined:undefined:undefined:undefined": 21,
        "s:177:2:179:Infinity": 45,
        "s:178:4:178:Infinity": 46,
        "s:182:2:182:Infinity": 47
      }
    }
  }
}
