TN:
SF:src/lib/services/settings.service.ts
FN:19,mapToSettingDTO
FN:54,getAllSettings
FN:85,getSettingByKey
FN:118,updateSetting
FNF:4
FNH:4
FNDA:6,mapToSettingDTO
FNDA:5,getAllSettings
FNDA:2,getSettingByKey
FNDA:3,updateSetting
DA:28,6
DA:29,5
DA:30,1
DA:31,1
DA:32,1
DA:33,0
DA:36,0
DA:39,6
DA:56,5
DA:61,5
DA:62,1
DA:63,1
DA:66,4
DA:68,1
DA:72,3
DA:74,3
DA:87,2
DA:89,2
DA:91,1
DA:92,1
DA:94,0
DA:95,0
DA:98,1
DA:99,0
DA:103,1
DA:125,3
DA:126,1
DA:130,2
DA:136,2
DA:137,0
DA:138,0
DA:140,0
DA:141,0
DA:144,2
DA:145,0
DA:149,2
DA:150,0
DA:151,0
DA:155,2
DA:156,2
DA:157,0
DA:162,2
DA:172,2
DA:173,1
DA:174,1
DA:177,1
DA:178,0
DA:182,1
LF:48
LH:34
BRDA:28,0,0,5
BRDA:28,0,1,1
BRDA:30,1,0,1
BRDA:30,1,1,0
BRDA:32,2,0,0
BRDA:32,2,1,1
BRDA:61,3,0,1
BRDA:61,3,1,4
BRDA:66,4,0,1
BRDA:66,4,1,3
BRDA:66,5,0,4
BRDA:66,5,1,4
BRDA:89,6,0,1
BRDA:89,6,1,1
BRDA:91,7,0,1
BRDA:91,7,1,0
BRDA:98,8,0,0
BRDA:98,8,1,1
BRDA:125,9,0,1
BRDA:125,9,1,2
BRDA:125,10,0,3
BRDA:125,10,1,1
BRDA:136,11,0,0
BRDA:136,11,1,2
BRDA:137,12,0,0
BRDA:137,12,1,0
BRDA:144,13,0,0
BRDA:144,13,1,2
BRDA:149,14,0,0
BRDA:149,14,1,2
BRDA:150,15,0,0
BRDA:150,15,1,0
BRDA:150,16,0,0
BRDA:150,16,1,0
BRDA:155,17,0,2
BRDA:155,17,1,0
BRDA:156,18,0,0
BRDA:156,18,1,2
BRDA:156,19,0,2
BRDA:156,19,1,2
BRDA:172,20,0,1
BRDA:172,20,1,1
BRDA:177,21,0,0
BRDA:177,21,1,1
BRF:44
BRH:28
end_of_record
